# JRE version: OpenJDK Runtime Environment (11.0.11+9) (build 11.0.11+9-b60-7590822)
# Java VM: OpenJDK 64-Bit Server VM (11.0.11+9-b60-7590822, mixed mode, tiered, compressed oops, g1 gc, windows-amd64)
Heap:
 garbage-first heap   total 321536K, used 138526K [0x0000000080000000, 0x0000000100000000)
  region size 1024K, 13 young (13312K), 2 survivors (2048K)
 Metaspace       used 121502K, capacity 124774K, committed 125616K, reserved 1159168K
  class space    used 15523K, capacity 16749K, committed 17024K, reserved 1048576K
GC Heap History (20 events):
Event: 5511.752 GC heap before
{Heap before GC invocations=39 (full 0):
 garbage-first heap   total 267264K, used 148480K [0x0000000080000000, 0x0000000100000000)
  region size 1024K, 13 young (13312K), 2 survivors (2048K)
 Metaspace       used 115531K, capacity 118645K, committed 119984K, reserved 1153024K
  class space    used 15000K, capacity 16219K, committed 16512K, reserved 1048576K
}
Event: 5511.817 GC heap after
{Heap after GC invocations=40 (full 0):
 garbage-first heap   total 267264K, used 134656K [0x0000000080000000, 0x0000000100000000)
  region size 1024K, 2 young (2048K), 2 survivors (2048K)
 Metaspace       used 115531K, capacity 118645K, committed 119984K, reserved 1153024K
  class space    used 15000K, capacity 16219K, committed 16512K, reserved 1048576K
}
Event: 5512.055 GC heap before
{Heap before GC invocations=40 (full 0):
 garbage-first heap   total 267264K, used 154112K [0x0000000080000000, 0x0000000100000000)
  region size 1024K, 13 young (13312K), 2 survivors (2048K)
 Metaspace       used 115596K, capacity 118712K, committed 119984K, reserved 1153024K
  class space    used 15007K, capacity 16220K, committed 16512K, reserved 1048576K
}
Event: 5512.114 GC heap after
{Heap after GC invocations=41 (full 0):
 garbage-first heap   total 267264K, used 134527K [0x0000000080000000, 0x0000000100000000)
  region size 1024K, 2 young (2048K), 2 survivors (2048K)
 Metaspace       used 115596K, capacity 118712K, committed 119984K, reserved 1153024K
  class space    used 15007K, capacity 16220K, committed 16512K, reserved 1048576K
}
Event: 5512.659 GC heap before
{Heap before GC invocations=41 (full 0):
 garbage-first heap   total 267264K, used 155007K [0x0000000080000000, 0x0000000100000000)
  region size 1024K, 22 young (22528K), 2 survivors (2048K)
 Metaspace       used 115635K, capacity 118716K, committed 119984K, reserved 1153024K
  class space    used 15012K, capacity 16221K, committed 16512K, reserved 1048576K
}
Event: 5512.670 GC heap after
{Heap after GC invocations=42 (full 0):
 garbage-first heap   total 267264K, used 133255K [0x0000000080000000, 0x0000000100000000)
  region size 1024K, 3 young (3072K), 3 survivors (3072K)
 Metaspace       used 115635K, capacity 118716K, committed 119984K, reserved 1153024K
  class space    used 15012K, capacity 16221K, committed 16512K, reserved 1048576K
}
Event: 5513.223 GC heap before
{Heap before GC invocations=43 (full 0):
 garbage-first heap   total 267264K, used 152711K [0x0000000080000000, 0x0000000100000000)
  region size 1024K, 22 young (22528K), 3 survivors (3072K)
 Metaspace       used 115641K, capacity 118716K, committed 119984K, reserved 1153024K
  class space    used 15012K, capacity 16221K, committed 16512K, reserved 1048576K
}
Event: 5513.229 GC heap after
{Heap after GC invocations=44 (full 0):
 garbage-first heap   total 267264K, used 133258K [0x0000000080000000, 0x0000000100000000)
  region size 1024K, 1 young (1024K), 1 survivors (1024K)
 Metaspace       used 115641K, capacity 118716K, committed 119984K, reserved 1153024K
  class space    used 15012K, capacity 16221K, committed 16512K, reserved 1048576K
}
Event: 5513.643 GC heap before
{Heap before GC invocations=44 (full 0):
 garbage-first heap   total 267264K, used 152714K [0x0000000080000000, 0x0000000100000000)
  region size 1024K, 13 young (13312K), 1 survivors (1024K)
 Metaspace       used 115682K, capacity 118792K, committed 119984K, reserved 1153024K
  class space    used 15014K, capacity 16223K, committed 16512K, reserved 1048576K
}
Event: 5513.686 GC heap after
{Heap after GC invocations=45 (full 0):
 garbage-first heap   total 267264K, used 140288K [0x0000000080000000, 0x0000000100000000)
  region size 1024K, 2 young (2048K), 2 survivors (2048K)
 Metaspace       used 115682K, capacity 118792K, committed 119984K, reserved 1153024K
  class space    used 15014K, capacity 16223K, committed 16512K, reserved 1048576K
}
Event: 5513.698 GC heap before
{Heap before GC invocations=45 (full 0):
 garbage-first heap   total 267264K, used 140288K [0x0000000080000000, 0x0000000100000000)
  region size 1024K, 3 young (3072K), 2 survivors (2048K)
 Metaspace       used 115682K, capacity 118792K, committed 119984K, reserved 1153024K
  class space    used 15014K, capacity 16223K, committed 16512K, reserved 1048576K
}
Event: 5513.711 GC heap after
{Heap after GC invocations=46 (full 0):
 garbage-first heap   total 267264K, used 141346K [0x0000000080000000, 0x0000000100000000)
  region size 1024K, 2 young (2048K), 2 survivors (2048K)
 Metaspace       used 115682K, capacity 118792K, committed 119984K, reserved 1153024K
  class space    used 15014K, capacity 16223K, committed 16512K, reserved 1048576K
}
Event: 5514.667 GC heap before
{Heap before GC invocations=47 (full 0):
 garbage-first heap   total 267264K, used 162850K [0x0000000080000000, 0x0000000100000000)
  region size 1024K, 13 young (13312K), 2 survivors (2048K)
 Metaspace       used 116042K, capacity 119208K, committed 120368K, reserved 1153024K
  class space    used 15039K, capacity 16266K, committed 16640K, reserved 1048576K
}
Event: 5514.685 GC heap after
{Heap after GC invocations=48 (full 0):
 garbage-first heap   total 267264K, used 138527K [0x0000000080000000, 0x0000000100000000)
  region size 1024K, 2 young (2048K), 2 survivors (2048K)
 Metaspace       used 116042K, capacity 119208K, committed 120368K, reserved 1153024K
  class space    used 15039K, capacity 16266K, committed 16640K, reserved 1048576K
}
Event: 5515.270 GC heap before
{Heap before GC invocations=48 (full 0):
 garbage-first heap   total 267264K, used 148767K [0x0000000080000000, 0x0000000100000000)
  region size 1024K, 13 young (13312K), 2 survivors (2048K)
 Metaspace       used 116682K, capacity 119754K, committed 120880K, reserved 1153024K
  class space    used 15106K, capacity 16319K, committed 16640K, reserved 1048576K
}
Event: 5515.286 GC heap after
{Heap after GC invocations=49 (full 0):
 garbage-first heap   total 267264K, used 137638K [0x0000000080000000, 0x0000000100000000)
  region size 1024K, 1 young (1024K), 1 survivors (1024K)
 Metaspace       used 116682K, capacity 119754K, committed 120880K, reserved 1153024K
  class space    used 15106K, capacity 16319K, committed 16640K, reserved 1048576K
}
Event: 5516.509 GC heap before
{Heap before GC invocations=49 (full 0):
 garbage-first heap   total 267264K, used 166310K [0x0000000080000000, 0x0000000100000000)
  region size 1024K, 29 young (29696K), 1 survivors (1024K)
 Metaspace       used 119518K, capacity 122628K, committed 123952K, reserved 1157120K
  class space    used 15339K, capacity 16543K, committed 16896K, reserved 1048576K
}
Event: 5516.525 GC heap after
{Heap after GC invocations=50 (full 0):
 garbage-first heap   total 267264K, used 142197K [0x0000000080000000, 0x0000000100000000)
  region size 1024K, 4 young (4096K), 4 survivors (4096K)
 Metaspace       used 119518K, capacity 122628K, committed 123952K, reserved 1157120K
  class space    used 15339K, capacity 16543K, committed 16896K, reserved 1048576K
}
Event: 5517.506 GC heap before
{Heap before GC invocations=51 (full 0):
 garbage-first heap   total 267264K, used 156533K [0x0000000080000000, 0x0000000100000000)
  region size 1024K, 33 young (33792K), 4 survivors (4096K)
 Metaspace       used 120973K, capacity 124127K, committed 125232K, reserved 1157120K
  class space    used 15446K, capacity 16659K, committed 16896K, reserved 1048576K
}
Event: 5517.527 GC heap after
{Heap after GC invocations=52 (full 0):
 garbage-first heap   total 321536K, used 129310K [0x0000000080000000, 0x0000000100000000)
  region size 1024K, 2 young (2048K), 2 survivors (2048K)
 Metaspace       used 120973K, capacity 124127K, committed 125232K, reserved 1157120K
  class space    used 15446K, capacity 16659K, committed 16896K, reserved 1048576K
}

